-------------------------------------------------------------------------------
Test set: it.unimi.di.vec.TriangleTest
-------------------------------------------------------------------------------
Tests run: 13, Failures: 1, Errors: 0, Skipped: 0, Time elapsed: 0.131 sec <<< FAILURE!
it.unimi.di.vec.TriangleTest.testScalene()  Time elapsed: 0.046 sec  <<< FAILURE!
org.opentest4j.AssertionFailedError: 
Expecting:
 <null>
to be equal to:
 <SCALENE>
but was not.
	at java.base/jdk.internal.reflect.NativeConstructorAccessorImpl.newInstance0(Native Method)
	at java.base/jdk.internal.reflect.NativeConstructorAccessorImpl.newInstance(NativeConstructorAccessorImpl.java:62)
	at java.base/jdk.internal.reflect.DelegatingConstructorAccessorImpl.newInstance(DelegatingConstructorAccessorImpl.java:45)
	at it.unimi.di.vec.TriangleTest.testScalene(TriangleTest.java:19)

