<?xml version="1.0" encoding="UTF-8" ?>
<testsuite tests="13" failures="5" name="it.unimi.di.vec.TriangleTest" time="0.152" errors="0" skipped="0">
  <properties>
    <property name="java.runtime.name" value="Java(TM) SE Runtime Environment"/>
    <property name="java.vm.version" value="11.0.11+9-LTS-194"/>
    <property name="sun.boot.library.path" value="C:\Program Files\Java\jdk-11.0.11\bin"/>
    <property name="maven.multiModuleProjectDirectory" value="C:\Users\matti\Desktop\PitHomDemo"/>
    <property name="java.vm.vendor" value="Oracle Corporation"/>
    <property name="java.vendor.url" value="https://openjdk.java.net/"/>
    <property name="guice.disable.misplaced.annotation.check" value="true"/>
    <property name="path.separator" value=";"/>
    <property name="java.vm.name" value="Java HotSpot(TM) 64-Bit Server VM"/>
    <property name="sun.os.patch.level" value=""/>
    <property name="user.script" value=""/>
    <property name="user.country" value="IT"/>
    <property name="sun.java.launcher" value="SUN_STANDARD"/>
    <property name="java.vm.specification.name" value="Java Virtual Machine Specification"/>
    <property name="user.dir" value="C:\Users\matti\Desktop\PitHomDemo"/>
    <property name="java.vm.compressedOopsMode" value="32-bit"/>
    <property name="java.runtime.version" value="11.0.11+9-LTS-194"/>
    <property name="java.awt.graphicsenv" value="sun.awt.Win32GraphicsEnvironment"/>
    <property name="os.arch" value="amd64"/>
    <property name="java.io.tmpdir" value="C:\Users\matti\AppData\Local\Temp\"/>
    <property name="line.separator" value="
"/>
    <property name="java.vm.specification.vendor" value="Oracle Corporation"/>
    <property name="user.variant" value=""/>
    <property name="os.name" value="Windows 10"/>
    <property name="classworlds.conf" value="C:\apache-maven-3.6.3\bin\..\bin\m2.conf"/>
    <property name="sun.jnu.encoding" value="Cp1252"/>
    <property name="java.library.path" value="C:\Program Files\Java\jdk-11.0.11\bin;C:\WINDOWS\Sun\Java\bin;C:\WINDOWS\system32;C:\WINDOWS;C:\Users\matti\AppData\Roaming\Python\Python37\site-packages\pywin32_system32;C:\Program Files\Common Files\Oracle\Java\javapath;C:\Program Files (x86)\Common Files\Oracle\Java\javapath;C:\Program Files\Python37\Scripts\;C:\Program Files\Python37\;C:\WINDOWS\system32;C:\WINDOWS;C:\WINDOWS\System32\Wbem;C:\WINDOWS\System32\WindowsPowerShell\v1.0\;C:\WINDOWS\System32\OpenSSH\;C:\Program Files\Java\jdk-11.0.4\bin\;C:\aspectj1.9\bin;C:\MinGW\bin;C:\MinGW\msys\1.0\bin;C:\Python37\Scripts\;C:\Program Files\Microsoft SQL Server\130\Tools\Binn\;C:\protoc\bin;C:\apache-maven-3.6.3\bin;C:\Program Files (x86)\Microsoft Visual Studio\2019\Community\Common7\IDE\CommonExtensions\Microsoft\FSharp;C:\Program Files (x86)\GtkSharp\2.12\bin;C:\Program Files\Oracle\VirtualBox;C:\Program Files (x86)\Microsoft Visual Studio\2019\Community\VC\Tools\MSVC\14.24.28314\bin\Hostx64\x64;C:\WINDOWS\py.exe;C:\Program Files\Git\cmd;C:\Program Files (x86)\pigz-2.3-bin-win32;C:\Program Files\Git\usr\bin;C:\xampp\php;C:\Program Files\PuTTY\;C:\Program Files\nodejs\;C:\WINDOWS\system32;C:\WINDOWS;C:\WINDOWS\System32\Wbem;C:\WINDOWS\System32\WindowsPowerShell\v1.0\;C:\Program Files\Java\jdk-11.0.11\bin;C:\Users\matti\AppData\Local\atom\bin;C:\Users\matti\AppData\Local\Microsoft\WindowsApps;C:\Users\matti\.dotnet\tools;C:\OCaml64\home\matti\.opam\4.10.0+mingw64c\bin;C:\Users\matti\AppData\Roaming\Python\Python37\Scripts;C:\Program Files\Eiffel Software\EiffelStudio 19.05 GPL\studio\spec\win64\bin;C:\Program Files\JetBrains\PyCharm 2020.3.2\bin;;C:\Program Files\gradle-6.7.1\bin;C:\Users\matti\AppData\Local\Programs\MiKTeX\miktex\bin\x64\;C:\Users\matti\AppData\Roaming\npm;C:\Program Files\nodejs;C:\Users\matti\AppData\Local\Google\Cloud SDK\google-cloud-sdk\bin;C:\src\flutter\bin;C:\Users\matti\AppData\Local\Microsoft\WindowsApps;C:\Program Files\heroku\bin;C:\Program Files\cbmc\bin;;."/>
    <property name="maven.conf" value="C:\apache-maven-3.6.3\bin\../conf"/>
    <property name="jdk.debug" value="release"/>
    <property name="java.class.version" value="55.0"/>
    <property name="java.specification.name" value="Java Platform API Specification"/>
    <property name="sun.management.compiler" value="HotSpot 64-Bit Tiered Compilers"/>
    <property name="os.version" value="10.0"/>
    <property name="library.jansi.path" value="C:\apache-maven-3.6.3\bin\..\lib\jansi-native"/>
    <property name="user.home" value="C:\Users\matti"/>
    <property name="user.timezone" value="Europe/Berlin"/>
    <property name="java.awt.printerjob" value="sun.awt.windows.WPrinterJob"/>
    <property name="file.encoding" value="Cp1252"/>
    <property name="java.specification.version" value="11"/>
    <property name="user.name" value="matti"/>
    <property name="java.class.path" value="C:\apache-maven-3.6.3\bin\..\boot\plexus-classworlds-2.6.0.jar"/>
    <property name="java.vm.specification.version" value="11"/>
    <property name="sun.arch.data.model" value="64"/>
    <property name="sun.java.command" value="org.codehaus.plexus.classworlds.launcher.Launcher clean test"/>
    <property name="java.home" value="C:\Program Files\Java\jdk-11.0.11"/>
    <property name="user.language" value="it"/>
    <property name="java.specification.vendor" value="Oracle Corporation"/>
    <property name="awt.toolkit" value="sun.awt.windows.WToolkit"/>
    <property name="java.vm.info" value="mixed mode"/>
    <property name="java.version" value="11.0.11"/>
    <property name="java.vendor" value="Oracle Corporation"/>
    <property name="maven.home" value="C:\apache-maven-3.6.3\bin\.."/>
    <property name="file.separator" value="\"/>
    <property name="java.version.date" value="2021-04-20"/>
    <property name="java.vendor.url.bug" value="https://bugreport.java.com/bugreport/"/>
    <property name="sun.io.unicode.encoding" value="UnicodeLittle"/>
    <property name="sun.cpu.endian" value="little"/>
    <property name="java.vendor.version" value="18.9"/>
    <property name="sun.desktop" value="windows"/>
    <property name="sun.cpu.isalist" value="amd64"/>
  </properties>
  <testcase classname="it.unimi.di.vec.TriangleTest" name="it.unimi.di.vec.TriangleTest.testInvalidNeg2" time="0.104"/>
  <testcase classname="it.unimi.di.vec.TriangleTest" name="it.unimi.di.vec.TriangleTest.testIsosceles1" time="0"/>
  <testcase classname="it.unimi.di.vec.TriangleTest" name="it.unimi.di.vec.TriangleTest.testIsosceles2" time="0"/>
  <testcase classname="it.unimi.di.vec.TriangleTest" name="it.unimi.di.vec.TriangleTest.testScalene" time="0"/>
  <testcase classname="it.unimi.di.vec.TriangleTest" name="it.unimi.di.vec.TriangleTest.testInvalid2" time="0.044">
    <failure message="
Expecting:
 &lt;SCALENE&gt;
to be equal to:
 &lt;INVALID&gt;
but was not." type="org.opentest4j.AssertionFailedError">org.opentest4j.AssertionFailedError: 
Expecting:
 &lt;SCALENE&gt;
to be equal to:
 &lt;INVALID&gt;
but was not.
	at java.base/jdk.internal.reflect.NativeConstructorAccessorImpl.newInstance0(Native Method)
	at java.base/jdk.internal.reflect.NativeConstructorAccessorImpl.newInstance(NativeConstructorAccessorImpl.java:62)
	at java.base/jdk.internal.reflect.DelegatingConstructorAccessorImpl.newInstance(DelegatingConstructorAccessorImpl.java:45)
	at it.unimi.di.vec.TriangleTest.testInvalid2(TriangleTest.java:31)
</failure>
  </testcase>
  <testcase classname="it.unimi.di.vec.TriangleTest" name="it.unimi.di.vec.TriangleTest.testInvalid1" time="0"/>
  <testcase classname="it.unimi.di.vec.TriangleTest" name="it.unimi.di.vec.TriangleTest.testInvalidNeg3" time="0"/>
  <testcase classname="it.unimi.di.vec.TriangleTest" name="it.unimi.di.vec.TriangleTest.testIsosceles3" time="0">
    <failure message="
Expecting:
 &lt;EQUILATERAL&gt;
to be equal to:
 &lt;ISOSCELES&gt;
but was not." type="org.opentest4j.AssertionFailedError">org.opentest4j.AssertionFailedError: 
Expecting:
 &lt;EQUILATERAL&gt;
to be equal to:
 &lt;ISOSCELES&gt;
but was not.
	at java.base/jdk.internal.reflect.NativeConstructorAccessorImpl.newInstance0(Native Method)
	at java.base/jdk.internal.reflect.NativeConstructorAccessorImpl.newInstance(NativeConstructorAccessorImpl.java:62)
	at java.base/jdk.internal.reflect.DelegatingConstructorAccessorImpl.newInstance(DelegatingConstructorAccessorImpl.java:45)
	at it.unimi.di.vec.TriangleTest.testIsosceles3(TriangleTest.java:79)
</failure>
  </testcase>
  <testcase classname="it.unimi.di.vec.TriangleTest" name="it.unimi.di.vec.TriangleTest.testInvalid" time="0">
    <failure message="
Expecting:
 &lt;EQUILATERAL&gt;
to be equal to:
 &lt;INVALID&gt;
but was not." type="org.opentest4j.AssertionFailedError">org.opentest4j.AssertionFailedError: 
Expecting:
 &lt;EQUILATERAL&gt;
to be equal to:
 &lt;INVALID&gt;
but was not.
	at java.base/jdk.internal.reflect.NativeConstructorAccessorImpl.newInstance0(Native Method)
	at java.base/jdk.internal.reflect.NativeConstructorAccessorImpl.newInstance(NativeConstructorAccessorImpl.java:62)
	at java.base/jdk.internal.reflect.DelegatingConstructorAccessorImpl.newInstance(DelegatingConstructorAccessorImpl.java:45)
	at it.unimi.di.vec.TriangleTest.testInvalid(TriangleTest.java:85)
</failure>
  </testcase>
  <testcase classname="it.unimi.di.vec.TriangleTest" name="it.unimi.di.vec.TriangleTest.testEquilateral" time="0">
    <failure message="
Expecting:
 &lt;ISOSCELES&gt;
to be equal to:
 &lt;EQUILATERAL&gt;
but was not." type="org.opentest4j.AssertionFailedError">org.opentest4j.AssertionFailedError: 
Expecting:
 &lt;ISOSCELES&gt;
to be equal to:
 &lt;EQUILATERAL&gt;
but was not.
	at java.base/jdk.internal.reflect.NativeConstructorAccessorImpl.newInstance0(Native Method)
	at java.base/jdk.internal.reflect.NativeConstructorAccessorImpl.newInstance(NativeConstructorAccessorImpl.java:62)
	at java.base/jdk.internal.reflect.DelegatingConstructorAccessorImpl.newInstance(DelegatingConstructorAccessorImpl.java:45)
	at it.unimi.di.vec.TriangleTest.testEquilateral(TriangleTest.java:61)
</failure>
  </testcase>
  <testcase classname="it.unimi.di.vec.TriangleTest" name="it.unimi.di.vec.TriangleTest.test1" time="0"/>
  <testcase classname="it.unimi.di.vec.TriangleTest" name="it.unimi.di.vec.TriangleTest.testInvalid3" time="0.004">
    <failure message="
Expecting:
 &lt;SCALENE&gt;
to be equal to:
 &lt;INVALID&gt;
but was not." type="org.opentest4j.AssertionFailedError">org.opentest4j.AssertionFailedError: 
Expecting:
 &lt;SCALENE&gt;
to be equal to:
 &lt;INVALID&gt;
but was not.
	at java.base/jdk.internal.reflect.NativeConstructorAccessorImpl.newInstance0(Native Method)
	at java.base/jdk.internal.reflect.NativeConstructorAccessorImpl.newInstance(NativeConstructorAccessorImpl.java:62)
	at java.base/jdk.internal.reflect.DelegatingConstructorAccessorImpl.newInstance(DelegatingConstructorAccessorImpl.java:45)
	at it.unimi.di.vec.TriangleTest.testInvalid3(TriangleTest.java:37)
</failure>
  </testcase>
  <testcase classname="it.unimi.di.vec.TriangleTest" name="it.unimi.di.vec.TriangleTest.testInvalidNeg1" time="0"/>
</testsuite>